Determining if the pthread_create exist failed with the following output:
Change Dir: /home/wimc/project/gr_mods/gr-grpc_blocks/build/CMakeFiles/CMakeTmp

Run Build Command:"/usr/bin/gmake" "cmTC_c35cc/fast"
/usr/bin/gmake -f CMakeFiles/cmTC_c35cc.dir/build.make CMakeFiles/cmTC_c35cc.dir/build
gmake[1]: Entering directory '/home/wimc/project/gr_mods/gr-grpc_blocks/build/CMakeFiles/CMakeTmp'
Building C object CMakeFiles/cmTC_c35cc.dir/CheckSymbolExists.c.o
/usr/lib64/ccache/cc     -o CMakeFiles/cmTC_c35cc.dir/CheckSymbolExists.c.o   -c /home/wimc/project/gr_mods/gr-grpc_blocks/build/CMakeFiles/CMakeTmp/CheckSymbolExists.c
Linking C executable cmTC_c35cc
/usr/bin/cmake -E cmake_link_script CMakeFiles/cmTC_c35cc.dir/link.txt --verbose=1
/usr/lib64/ccache/cc       CMakeFiles/cmTC_c35cc.dir/CheckSymbolExists.c.o  -o cmTC_c35cc -rdynamic 
CMakeFiles/cmTC_c35cc.dir/CheckSymbolExists.c.o: In function `main':
CheckSymbolExists.c:(.text+0x16): undefined reference to `pthread_create'
collect2: error: ld returned 1 exit status
CMakeFiles/cmTC_c35cc.dir/build.make:97: recipe for target 'cmTC_c35cc' failed
gmake[1]: *** [cmTC_c35cc] Error 1
gmake[1]: Leaving directory '/home/wimc/project/gr_mods/gr-grpc_blocks/build/CMakeFiles/CMakeTmp'
Makefile:126: recipe for target 'cmTC_c35cc/fast' failed
gmake: *** [cmTC_c35cc/fast] Error 2

File /home/wimc/project/gr_mods/gr-grpc_blocks/build/CMakeFiles/CMakeTmp/CheckSymbolExists.c:
/* */
#include <pthread.h>

int main(int argc, char** argv)
{
  (void)argv;
#ifndef pthread_create
  return ((int*)(&pthread_create))[argc];
#else
  (void)argc;
  return 0;
#endif
}

Determining if the function pthread_create exists in the pthreads failed with the following output:
Change Dir: /home/wimc/project/gr_mods/gr-grpc_blocks/build/CMakeFiles/CMakeTmp

Run Build Command:"/usr/bin/gmake" "cmTC_75128/fast"
/usr/bin/gmake -f CMakeFiles/cmTC_75128.dir/build.make CMakeFiles/cmTC_75128.dir/build
gmake[1]: Entering directory '/home/wimc/project/gr_mods/gr-grpc_blocks/build/CMakeFiles/CMakeTmp'
Building C object CMakeFiles/cmTC_75128.dir/CheckFunctionExists.c.o
/usr/lib64/ccache/cc    -DCHECK_FUNCTION_EXISTS=pthread_create   -o CMakeFiles/cmTC_75128.dir/CheckFunctionExists.c.o   -c /usr/share/cmake/Modules/CheckFunctionExists.c
Linking C executable cmTC_75128
/usr/bin/cmake -E cmake_link_script CMakeFiles/cmTC_75128.dir/link.txt --verbose=1
/usr/lib64/ccache/cc   -DCHECK_FUNCTION_EXISTS=pthread_create    CMakeFiles/cmTC_75128.dir/CheckFunctionExists.c.o  -o cmTC_75128 -rdynamic -lpthreads 
/usr/bin/ld: cannot find -lpthreads
collect2: error: ld returned 1 exit status
CMakeFiles/cmTC_75128.dir/build.make:97: recipe for target 'cmTC_75128' failed
gmake[1]: *** [cmTC_75128] Error 1
gmake[1]: Leaving directory '/home/wimc/project/gr_mods/gr-grpc_blocks/build/CMakeFiles/CMakeTmp'
Makefile:126: recipe for target 'cmTC_75128/fast' failed
gmake: *** [cmTC_75128/fast] Error 2


